<?xml version="1.0" encoding="UTF-8"?>
<!-- Generated by org.testng.reporters.JUnitXMLReporter -->
<testsuite hostname="DESKTOP-31982KI" ignored="0" name="LoginTest" tests="1" failures="1" timestamp="30 Sep 2020 12:12:56 GMT" time="40.559" errors="0">
  <testcase name="addNewCustomer" time="18.557" classname="com.GuruBankingRealProject.Testcases.TC_AddCustomerTest_003">
    <failure type="java.lang.AssertionError" message="expected [true] but found [false]">
      <![CDATA[java.lang.AssertionError: expected [true] but found [false]
at com.GuruBankingRealProject.Testcases.TC_AddCustomerTest_003.addNewCustomer(TC_AddCustomerTest_003.java:51)
... Removed 29 stack frames]]>
    </failure>
  </testcase> <!-- addNewCustomer -->
</testsuite> <!-- LoginTest -->
